<GenericItems>
   <GenericItem>
      <resource>JUnit-4.5</resource>
      <metric>All-Nodes-ei</metric>
      <value>83.42</value>
   </GenericItem>
   <GenericItem>
      <resource>JUnit-4.5</resource>
      <metric>All-Nodes-ed</metric>
      <value>38.75</value>
   </GenericItem>
   <GenericItem>
      <resource>JUnit-4.5</resource>
      <metric>All-Edges-ei</metric>
      <value>75.69</value>
   </GenericItem>
   <GenericItem>
      <resource>JUnit-4.5</resource>
      <metric>All-Edges-ed</metric>
      <value>24.86</value>
   </GenericItem>
   <GenericItem>
      <resource>JUnit-4.5</resource>
      <metric>All-Uses-ei</metric>
      <value>75.64</value>
   </GenericItem>
   <GenericItem>
      <resource>JUnit-4.5</resource>
      <metric>All-Uses-ed</metric>
      <value>48.66</value>
   </GenericItem>
   <GenericItem>
      <resource>JUnit-4.5</resource>
      <metric>All-Pot-Uses-ei</metric>
      <value>74.90</value>
   </GenericItem>
   <GenericItem>
      <resource>JUnit-4.5</resource>
      <metric>All-Pot-Uses-ed</metric>
      <value>33.23</value>
   </GenericItem>
</GenericItems>
